<?xml version="1.0" encoding="UTF-8"?>
<!-- Generated by org.testng.reporters.JUnitReportReporter -->
<testsuite hostname="LAPTOP-UKVPBA52" failures="0" tests="1" name="TestClassPackage.Gate_Tc1" time="3.271" errors="0" timestamp="2023-06-28T16:01:39 IST" skipped="0">
  <testcase classname="TestClassPackage.Gate_Tc1" name="Execute" time="3.271"/>
  <system-out/>
</testsuite> <!-- TestClassPackage.Gate_Tc1 -->
